<?xml version="1.0" encoding="UTF-8"?>
<testng-results ignored="0" total="4" passed="4" failed="0" skipped="0">
  <reporter-output>
  </reporter-output>
  <suite started-at="2024-10-23T19:05:31 IST" name="Suite" finished-at="2024-10-23T19:06:11 IST" duration-ms="40620">
    <groups>
    </groups>
    <test started-at="2024-10-23T19:05:31 IST" name="chromeTesting" finished-at="2024-10-23T19:05:50 IST" duration-ms="19059">
      <class name="testNG.TestingOnAnnotation">
        <test-method is-config="true" signature="openBrowser(java.lang.String)[pri:0, instance:testNG.TestingOnAnnotation@4b45a2f5]" started-at="2024-10-23T19:05:31 IST" name="openBrowser" finished-at="2024-10-23T19:05:39 IST" duration-ms="7912" status="PASS">
          <params>
            <param index="0">
              <value>
                <![CDATA[chrome]]>
              </value>
            </param>
          </params>
          <reporter-output>
          </reporter-output>
        </test-method> <!-- openBrowser -->
        <test-method is-config="true" signature="LaunchURL()[pri:0, instance:testNG.TestingOnAnnotation@4b45a2f5]" started-at="2024-10-23T19:05:39 IST" name="LaunchURL" finished-at="2024-10-23T19:05:43 IST" duration-ms="4047" status="PASS">
          <reporter-output>
          </reporter-output>
        </test-method> <!-- LaunchURL -->
        <test-method signature="Login()[pri:1, instance:testNG.TestingOnAnnotation@4b45a2f5]" started-at="2024-10-23T19:05:43 IST" name="Login" finished-at="2024-10-23T19:05:44 IST" duration-ms="1340" status="PASS">
          <reporter-output>
          </reporter-output>
        </test-method> <!-- Login -->
        <test-method is-config="true" signature="logout()[pri:0, instance:testNG.TestingOnAnnotation@4b45a2f5]" started-at="2024-10-23T19:05:44 IST" name="logout" finished-at="2024-10-23T19:05:46 IST" duration-ms="1549" status="PASS">
          <reporter-output>
          </reporter-output>
        </test-method> <!-- logout -->
        <test-method is-config="true" signature="LaunchURL()[pri:0, instance:testNG.TestingOnAnnotation@4b45a2f5]" started-at="2024-10-23T19:05:46 IST" name="LaunchURL" finished-at="2024-10-23T19:05:46 IST" duration-ms="400" status="PASS">
          <reporter-output>
          </reporter-output>
        </test-method> <!-- LaunchURL -->
        <test-method signature="SalesQuotationEntry()[pri:2, instance:testNG.TestingOnAnnotation@4b45a2f5]" started-at="2024-10-23T19:05:46 IST" name="SalesQuotationEntry" finished-at="2024-10-23T19:05:48 IST" duration-ms="1677" status="PASS">
          <reporter-output>
          </reporter-output>
        </test-method> <!-- SalesQuotationEntry -->
        <test-method is-config="true" signature="logout()[pri:0, instance:testNG.TestingOnAnnotation@4b45a2f5]" started-at="2024-10-23T19:05:48 IST" name="logout" finished-at="2024-10-23T19:05:49 IST" duration-ms="1679" status="PASS">
          <reporter-output>
          </reporter-output>
        </test-method> <!-- logout -->
        <test-method is-config="true" signature="BrowserClosing()[pri:0, instance:testNG.TestingOnAnnotation@4b45a2f5]" started-at="2024-10-23T19:05:49 IST" name="BrowserClosing" finished-at="2024-10-23T19:05:50 IST" duration-ms="348" status="PASS">
          <reporter-output>
          </reporter-output>
        </test-method> <!-- BrowserClosing -->
      </class> <!-- testNG.TestingOnAnnotation -->
    </test> <!-- chromeTesting -->
    <test started-at="2024-10-23T19:05:50 IST" name="FireFoxTesting" finished-at="2024-10-23T19:06:11 IST" duration-ms="21478">
      <class name="testNG.TestingOnAnnotation">
        <test-method is-config="true" signature="openBrowser(java.lang.String)[pri:0, instance:testNG.TestingOnAnnotation@235ecd9f]" started-at="2024-10-23T19:05:50 IST" name="openBrowser" finished-at="2024-10-23T19:05:58 IST" duration-ms="8396" status="PASS">
          <params>
            <param index="0">
              <value>
                <![CDATA[firefox]]>
              </value>
            </param>
          </params>
          <reporter-output>
          </reporter-output>
        </test-method> <!-- openBrowser -->
        <test-method is-config="true" signature="LaunchURL()[pri:0, instance:testNG.TestingOnAnnotation@235ecd9f]" started-at="2024-10-23T19:05:58 IST" name="LaunchURL" finished-at="2024-10-23T19:06:01 IST" duration-ms="2465" status="PASS">
          <reporter-output>
          </reporter-output>
        </test-method> <!-- LaunchURL -->
        <test-method signature="Login()[pri:1, instance:testNG.TestingOnAnnotation@235ecd9f]" started-at="2024-10-23T19:06:01 IST" name="Login" finished-at="2024-10-23T19:06:02 IST" duration-ms="1327" status="PASS">
          <reporter-output>
          </reporter-output>
        </test-method> <!-- Login -->
        <test-method is-config="true" signature="logout()[pri:0, instance:testNG.TestingOnAnnotation@235ecd9f]" started-at="2024-10-23T19:06:02 IST" name="logout" finished-at="2024-10-23T19:06:04 IST" duration-ms="2025" status="PASS">
          <reporter-output>
          </reporter-output>
        </test-method> <!-- logout -->
        <test-method is-config="true" signature="LaunchURL()[pri:0, instance:testNG.TestingOnAnnotation@235ecd9f]" started-at="2024-10-23T19:06:04 IST" name="LaunchURL" finished-at="2024-10-23T19:06:05 IST" duration-ms="581" status="PASS">
          <reporter-output>
          </reporter-output>
        </test-method> <!-- LaunchURL -->
        <test-method signature="SalesQuotationEntry()[pri:2, instance:testNG.TestingOnAnnotation@235ecd9f]" started-at="2024-10-23T19:06:05 IST" name="SalesQuotationEntry" finished-at="2024-10-23T19:06:07 IST" duration-ms="2356" status="PASS">
          <reporter-output>
          </reporter-output>
        </test-method> <!-- SalesQuotationEntry -->
        <test-method is-config="true" signature="logout()[pri:0, instance:testNG.TestingOnAnnotation@235ecd9f]" started-at="2024-10-23T19:06:07 IST" name="logout" finished-at="2024-10-23T19:06:08 IST" duration-ms="821" status="PASS">
          <reporter-output>
          </reporter-output>
        </test-method> <!-- logout -->
        <test-method is-config="true" signature="BrowserClosing()[pri:0, instance:testNG.TestingOnAnnotation@235ecd9f]" started-at="2024-10-23T19:06:08 IST" name="BrowserClosing" finished-at="2024-10-23T19:06:11 IST" duration-ms="3493" status="PASS">
          <reporter-output>
          </reporter-output>
        </test-method> <!-- BrowserClosing -->
      </class> <!-- testNG.TestingOnAnnotation -->
    </test> <!-- FireFoxTesting -->
  </suite> <!-- Suite -->
</testng-results>
